<?xml version="1.0" encoding="UTF-8"?>
<!-- Generated by org.testng.reporters.JUnitReportReporter -->
<testsuite hostname="DELL_E5430" failures="0" tests="7" name="futuready.testcases.TC_FU_002_SGN_Sign_Up_New_Account_In_Friends_Page" time="258.472" errors="0" timestamp="2023-04-11T19:00:59 ICT" skipped="0">
  <testcase classname="futuready.testcases.TC_FU_002_SGN_Sign_Up_New_Account_In_Friends_Page" name="TC_FU_002_SGN_01_User_can_navigate_to_sign_up_a_new_account_page" time="7.641"/>
  <system-out/>
  <testcase classname="futuready.testcases.TC_FU_002_SGN_Sign_Up_New_Account_In_Friends_Page" name="TC_FU_002_SGN_06_Sytem_verifies_required_fields_in_the_second_sign_up_page" time="1.319"/>
  <system-out/>
  <testcase classname="futuready.testcases.TC_FU_002_SGN_Sign_Up_New_Account_In_Friends_Page" name="TC_FU_002_SGN_03_System_verifies_02_confirmation_checked_boxes_in_the_first_sign_up_page" time="26.294"/>
  <system-out/>
  <testcase classname="futuready.testcases.TC_FU_002_SGN_Sign_Up_New_Account_In_Friends_Page" name="TC_FU_002_SGN_04_System_verifies_required_fields_in_the_first_signup_page" time="16.460"/>
  <system-out/>
  <testcase classname="futuready.testcases.TC_FU_002_SGN_Sign_Up_New_Account_In_Friends_Page" name="TC_FU_002_SGN_07_System_verifies_the_email_address_from_user" time="28.103"/>
  <system-out/>
  <testcase classname="futuready.testcases.TC_FU_002_SGN_Sign_Up_New_Account_In_Friends_Page" name="TC_FU_002_SGN_02_User_can_sign_up_a_new_account" time="108.043"/>
  <system-out/>
  <testcase classname="futuready.testcases.TC_FU_002_SGN_Sign_Up_New_Account_In_Friends_Page" name="TC_FU_002_SGN_05_System_verifies_02_confirmation_checked_boxes_in_the_second_sign_up_page" time="70.612"/>
  <system-out/>
</testsuite> <!-- futuready.testcases.TC_FU_002_SGN_Sign_Up_New_Account_In_Friends_Page -->
