<?xml version="1.0" encoding="UTF-8"?>
<!-- Generated by org.testng.reporters.JUnitReportReporter -->
<testsuite hostname="DELL_E5430" failures="0" tests="4" name="futuready.testcases.TC_FU_002_SGN_Sign_Up_New_Account_In_Friends_Page" time="53.294" errors="0" timestamp="2023-04-03T22:55:04 ICT" skipped="0">
  <testcase classname="futuready.testcases.TC_FU_002_SGN_Sign_Up_New_Account_In_Friends_Page" name="TC_FU_002_SGN_02_User_can_sign_up_a_new_account" time="46.162"/>
  <system-out/>
  <testcase classname="futuready.testcases.TC_FU_002_SGN_Sign_Up_New_Account_In_Friends_Page" name="TC_FU_002_SGN_04_System_verifies_required_fields_in_the_first_signup_page" time="0.004"/>
  <system-out/>
  <testcase classname="futuready.testcases.TC_FU_002_SGN_Sign_Up_New_Account_In_Friends_Page" name="TC_FU_002_SGN_03_System_verifies_02_confirmation_checked_boxes_in_the_first_sign_up_page" time="0.002"/>
  <system-out/>
  <testcase classname="futuready.testcases.TC_FU_002_SGN_Sign_Up_New_Account_In_Friends_Page" name="TC_FU_002_SGN_01_User_can_navigate_to_sign_up_a_new_account_page" time="7.126"/>
  <system-out/>
</testsuite> <!-- futuready.testcases.TC_FU_002_SGN_Sign_Up_New_Account_In_Friends_Page -->
