<?xml version="1.0" encoding="UTF-8"?>
<!-- Generated by org.testng.reporters.JUnitReportReporter -->
<testsuite hostname="DELL_E5430" failures="0" tests="9" name="futuready.testcases.TC_FU_002_SGN_Sign_Up_New_Account_In_Friends_Page" time="309.959" errors="0" timestamp="2023-04-12T09:09:14 ICT" skipped="0">
  <testcase classname="futuready.testcases.TC_FU_002_SGN_Sign_Up_New_Account_In_Friends_Page" name="TC_FU_002_SGN_01_User_can_navigate_to_sign_up_a_new_account_page" time="8.116"/>
  <system-out/>
  <testcase classname="futuready.testcases.TC_FU_002_SGN_Sign_Up_New_Account_In_Friends_Page" name="TC_FU_002_SGN_05_System_verifies_02_confirmation_checked_boxes_in_the_second_sign_up_page" time="70.550"/>
  <system-out/>
  <testcase classname="futuready.testcases.TC_FU_002_SGN_Sign_Up_New_Account_In_Friends_Page" name="TC_FU_002_SGN_09_User_can_sign_up_a_new_account_by_thai_language" time="26.760"/>
  <system-out/>
  <testcase classname="futuready.testcases.TC_FU_002_SGN_Sign_Up_New_Account_In_Friends_Page" name="TC_FU_002_SGN_02_User_can_sign_up_a_new_account" time="107.393"/>
  <system-out/>
  <testcase classname="futuready.testcases.TC_FU_002_SGN_Sign_Up_New_Account_In_Friends_Page" name="TC_FU_002_SGN_04_System_verifies_required_fields_in_the_first_signup_page" time="16.365"/>
  <system-out/>
  <testcase classname="futuready.testcases.TC_FU_002_SGN_Sign_Up_New_Account_In_Friends_Page" name="TC_FU_002_SGN_07_System_verifies_the_email_address_from_user" time="27.783"/>
  <system-out/>
  <testcase classname="futuready.testcases.TC_FU_002_SGN_Sign_Up_New_Account_In_Friends_Page" name="TC_FU_002_SGN_08_System_verifies_the_phone_number_from_user" time="25.545"/>
  <system-out/>
  <testcase classname="futuready.testcases.TC_FU_002_SGN_Sign_Up_New_Account_In_Friends_Page" name="TC_FU_002_SGN_03_System_verifies_02_confirmation_checked_boxes_in_the_first_sign_up_page" time="26.205"/>
  <system-out/>
  <testcase classname="futuready.testcases.TC_FU_002_SGN_Sign_Up_New_Account_In_Friends_Page" name="TC_FU_002_SGN_06_Sytem_verifies_required_fields_in_the_second_sign_up_page" time="1.242"/>
  <system-out/>
</testsuite> <!-- futuready.testcases.TC_FU_002_SGN_Sign_Up_New_Account_In_Friends_Page -->
